<?xml version="1.0" encoding="UTF-8"?>
<!-- Generated by org.testng.reporters.JUnitReportReporter -->
<testsuite hostname="akshay" failures="0" tests="1" name="coverFoxTestpkgPOM.CoverFoxTests" time="6.215" errors="0" timestamp="2024-08-12T19:46:11 IST" skipped="0">
  <testcase classname="coverFoxTestpkgPOM.CoverFoxTests" name="coverfoxResult" time="6.215">
    <system-out>
      <![CDATA[TC coverfoxResult execution started
sort dopdown is displayed
TC coverfoxResult completed successfully ]]>
    </system-out>
  </testcase> <!-- coverfoxResult -->
  <system-out>
    <![CDATA[clicking on continue button
TC coverfoxResult execution started
sort dopdown is displayed
TC coverfoxResult completed successfully ]]>
  </system-out>
</testsuite> <!-- coverFoxTestpkgPOM.CoverFoxTests -->
